<?xml version="1.0" encoding="UTF-8"?>
<testsuite xmlns:xsi="http://www.w3.org/2001/XMLSchema-instance" xsi:noNamespaceSchemaLocation="https://maven.apache.org/surefire/maven-failsafe-plugin/xsd/failsafe-test-report.xsd" name="io.sgitario.benchmarks.rest.ThroughputBenchmarks" time="149.285" tests="1" errors="0" skipped="0" failures="0">
  <properties>
    <property name="sun.desktop" value="gnome"/>
    <property name="awt.toolkit" value="sun.awt.X11.XToolkit"/>
    <property name="java.specification.version" value="11"/>
    <property name="sun.cpu.isalist" value=""/>
    <property name="sun.jnu.encoding" value="UTF-8"/>
    <property name="java.class.path" value="/home/jcarvaja/sources/personal/frameworks-benchmarks/rest-benchmark/benchmarks/target/test-classes:/home/jcarvaja/sources/personal/frameworks-benchmarks/rest-benchmark/benchmarks/target/rest-benchmarks-0.0.0-SNAPSHOT.jar:/home/jcarvaja/.m2/repository/io/jcloud/jcloud-benchmark/0.0.0-SNAPSHOT/jcloud-benchmark-0.0.0-SNAPSHOT.jar:/home/jcarvaja/.m2/repository/io/jcloud/jcloud-core/0.0.0-SNAPSHOT/jcloud-core-0.0.0-SNAPSHOT.jar:/home/jcarvaja/.m2/repository/org/junit/jupiter/junit-jupiter/5.8.2/junit-jupiter-5.8.2.jar:/home/jcarvaja/.m2/repository/org/junit/jupiter/junit-jupiter-api/5.8.2/junit-jupiter-api-5.8.2.jar:/home/jcarvaja/.m2/repository/org/junit/jupiter/junit-jupiter-params/5.8.2/junit-jupiter-params-5.8.2.jar:/home/jcarvaja/.m2/repository/org/junit/jupiter/junit-jupiter-engine/5.8.2/junit-jupiter-engine-5.8.2.jar:/home/jcarvaja/.m2/repository/org/awaitility/awaitility/4.2.0/awaitility-4.2.0.jar:/home/jcarvaja/.m2/repository/org/hamcrest/hamcrest/2.2/hamcrest-2.2.jar:/home/jcarvaja/.m2/repository/io/rest-assured/rest-assured/4.5.1/rest-assured-4.5.1.jar:/home/jcarvaja/.m2/repository/org/codehaus/groovy/groovy/3.0.10/groovy-3.0.10.jar:/home/jcarvaja/.m2/repository/org/codehaus/groovy/groovy-xml/3.0.10/groovy-xml-3.0.10.jar:/home/jcarvaja/.m2/repository/org/apache/httpcomponents/httpclient/4.5.13/httpclient-4.5.13.jar:/home/jcarvaja/.m2/repository/org/apache/httpcomponents/httpcore/4.4.15/httpcore-4.4.15.jar:/home/jcarvaja/.m2/repository/commons-logging/commons-logging/1.2/commons-logging-1.2.jar:/home/jcarvaja/.m2/repository/commons-codec/commons-codec/1.15/commons-codec-1.15.jar:/home/jcarvaja/.m2/repository/org/apache/httpcomponents/httpmime/4.5.13/httpmime-4.5.13.jar:/home/jcarvaja/.m2/repository/org/ccil/cowan/tagsoup/tagsoup/1.2.1/tagsoup-1.2.1.jar:/home/jcarvaja/.m2/repository/io/rest-assured/json-path/4.5.1/json-path-4.5.1.jar:/home/jcarvaja/.m2/repository/org/codehaus/groovy/groovy-json/3.0.10/groovy-json-3.0.10.jar:/home/jcarvaja/.m2/repository/io/rest-assured/rest-assured-common/4.5.1/rest-assured-common-4.5.1.jar:/home/jcarvaja/.m2/repository/io/rest-assured/xml-path/4.5.1/xml-path-4.5.1.jar:/home/jcarvaja/.m2/repository/org/apache/commons/commons-lang3/3.12.0/commons-lang3-3.12.0.jar:/home/jcarvaja/.m2/repository/commons-io/commons-io/2.11.0/commons-io-2.11.0.jar:/home/jcarvaja/.m2/repository/javax/inject/javax.inject/1/javax.inject-1.jar:/home/jcarvaja/.m2/repository/javax/xml/bind/jaxb-api/2.4.0-b180830.0359/jaxb-api-2.4.0-b180830.0359.jar:/home/jcarvaja/.m2/repository/javax/activation/javax.activation-api/1.2.0/javax.activation-api-1.2.0.jar:/home/jcarvaja/.m2/repository/io/fabric8/kubernetes-client/5.12.1/kubernetes-client-5.12.1.jar:/home/jcarvaja/.m2/repository/io/fabric8/kubernetes-model-core/5.12.1/kubernetes-model-core-5.12.1.jar:/home/jcarvaja/.m2/repository/io/fabric8/kubernetes-model-common/5.12.1/kubernetes-model-common-5.12.1.jar:/home/jcarvaja/.m2/repository/com/fasterxml/jackson/core/jackson-annotations/2.13.2/jackson-annotations-2.13.2.jar:/home/jcarvaja/.m2/repository/io/fabric8/kubernetes-model-rbac/5.12.1/kubernetes-model-rbac-5.12.1.jar:/home/jcarvaja/.m2/repository/io/fabric8/kubernetes-model-admissionregistration/5.12.1/kubernetes-model-admissionregistration-5.12.1.jar:/home/jcarvaja/.m2/repository/io/fabric8/kubernetes-model-apps/5.12.1/kubernetes-model-apps-5.12.1.jar:/home/jcarvaja/.m2/repository/io/fabric8/kubernetes-model-autoscaling/5.12.1/kubernetes-model-autoscaling-5.12.1.jar:/home/jcarvaja/.m2/repository/io/fabric8/kubernetes-model-apiextensions/5.12.1/kubernetes-model-apiextensions-5.12.1.jar:/home/jcarvaja/.m2/repository/io/fabric8/kubernetes-model-batch/5.12.1/kubernetes-model-batch-5.12.1.jar:/home/jcarvaja/.m2/repository/io/fabric8/kubernetes-model-certificates/5.12.1/kubernetes-model-certificates-5.12.1.jar:/home/jcarvaja/.m2/repository/io/fabric8/kubernetes-model-coordination/5.12.1/kubernetes-model-coordination-5.12.1.jar:/home/jcarvaja/.m2/repository/io/fabric8/kubernetes-model-discovery/5.12.1/kubernetes-model-discovery-5.12.1.jar:/home/jcarvaja/.m2/repository/io/fabric8/kubernetes-model-events/5.12.1/kubernetes-model-events-5.12.1.jar:/home/jcarvaja/.m2/repository/io/fabric8/kubernetes-model-extensions/5.12.1/kubernetes-model-extensions-5.12.1.jar:/home/jcarvaja/.m2/repository/io/fabric8/kubernetes-model-flowcontrol/5.12.1/kubernetes-model-flowcontrol-5.12.1.jar:/home/jcarvaja/.m2/repository/io/fabric8/kubernetes-model-networking/5.12.1/kubernetes-model-networking-5.12.1.jar:/home/jcarvaja/.m2/repository/io/fabric8/kubernetes-model-metrics/5.12.1/kubernetes-model-metrics-5.12.1.jar:/home/jcarvaja/.m2/repository/io/fabric8/kubernetes-model-policy/5.12.1/kubernetes-model-policy-5.12.1.jar:/home/jcarvaja/.m2/repository/io/fabric8/kubernetes-model-scheduling/5.12.1/kubernetes-model-scheduling-5.12.1.jar:/home/jcarvaja/.m2/repository/io/fabric8/kubernetes-model-storageclass/5.12.1/kubernetes-model-storageclass-5.12.1.jar:/home/jcarvaja/.m2/repository/io/fabric8/kubernetes-model-node/5.12.1/kubernetes-model-node-5.12.1.jar:/home/jcarvaja/.m2/repository/com/squareup/okhttp3/okhttp/3.14.9/okhttp-3.14.9.jar:/home/jcarvaja/.m2/repository/com/squareup/okio/okio/1.17.2/okio-1.17.2.jar:/home/jcarvaja/.m2/repository/com/squareup/okhttp3/logging-interceptor/3.14.9/logging-interceptor-3.14.9.jar:/home/jcarvaja/.m2/repository/org/slf4j/slf4j-api/1.7.33/slf4j-api-1.7.33.jar:/home/jcarvaja/.m2/repository/com/fasterxml/jackson/dataformat/jackson-dataformat-yaml/2.13.1/jackson-dataformat-yaml-2.13.1.jar:/home/jcarvaja/.m2/repository/org/yaml/snakeyaml/1.30/snakeyaml-1.30.jar:/home/jcarvaja/.m2/repository/com/fasterxml/jackson/datatype/jackson-datatype-jsr310/2.13.1/jackson-datatype-jsr310-2.13.1.jar:/home/jcarvaja/.m2/repository/com/fasterxml/jackson/core/jackson-databind/2.13.1/jackson-databind-2.13.1.jar:/home/jcarvaja/.m2/repository/com/fasterxml/jackson/core/jackson-core/2.13.1/jackson-core-2.13.1.jar:/home/jcarvaja/.m2/repository/io/fabric8/zjsonpatch/0.3.0/zjsonpatch-0.3.0.jar:/home/jcarvaja/.m2/repository/com/github/mifmif/generex/1.0.2/generex-1.0.2.jar:/home/jcarvaja/.m2/repository/dk/brics/automaton/automaton/1.11-8/automaton-1.11-8.jar:/home/jcarvaja/.m2/repository/org/openjdk/jmh/jmh-core/1.35/jmh-core-1.35.jar:/home/jcarvaja/.m2/repository/net/sf/jopt-simple/jopt-simple/5.0.4/jopt-simple-5.0.4.jar:/home/jcarvaja/.m2/repository/org/apache/commons/commons-math3/3.2/commons-math3-3.2.jar:/home/jcarvaja/.m2/repository/org/openjdk/jmh/jmh-generator-annprocess/1.35/jmh-generator-annprocess-1.35.jar:/home/jcarvaja/.m2/repository/org/junit/platform/junit-platform-launcher/1.8.2/junit-platform-launcher-1.8.2.jar:/home/jcarvaja/.m2/repository/org/junit/platform/junit-platform-engine/1.8.2/junit-platform-engine-1.8.2.jar:/home/jcarvaja/.m2/repository/org/opentest4j/opentest4j/1.2.0/opentest4j-1.2.0.jar:/home/jcarvaja/.m2/repository/org/junit/platform/junit-platform-commons/1.8.2/junit-platform-commons-1.8.2.jar:/home/jcarvaja/.m2/repository/org/apiguardian/apiguardian-api/1.1.2/apiguardian-api-1.1.2.jar:/home/jcarvaja/.m2/repository/io/jcloud/jcloud-quarkus/0.0.0-SNAPSHOT/jcloud-quarkus-0.0.0-SNAPSHOT.jar:/home/jcarvaja/.m2/repository/org/jboss/shrinkwrap/shrinkwrap-api/1.2.6/shrinkwrap-api-1.2.6.jar:/home/jcarvaja/.m2/repository/org/jboss/shrinkwrap/shrinkwrap-spi/1.2.6/shrinkwrap-spi-1.2.6.jar:/home/jcarvaja/.m2/repository/org/jboss/shrinkwrap/shrinkwrap-impl-base/1.2.6/shrinkwrap-impl-base-1.2.6.jar:/home/jcarvaja/.m2/repository/io/jcloud/jcloud-spring/0.0.0-SNAPSHOT/jcloud-spring-0.0.0-SNAPSHOT.jar:"/>
    <property name="java.vm.vendor" value="Red Hat, Inc."/>
    <property name="sun.arch.data.model" value="64"/>
    <property name="java.vendor.url" value="https://www.redhat.com/"/>
    <property name="user.timezone" value=""/>
    <property name="java.vm.specification.version" value="11"/>
    <property name="os.name" value="Linux"/>
    <property name="sun.java.launcher" value="SUN_STANDARD"/>
    <property name="user.country" value="ES"/>
    <property name="sun.boot.library.path" value="/usr/lib/jvm/java-11-openjdk-11.0.14.1.1-5.fc35.x86_64/lib"/>
    <property name="sun.java.command" value="/home/jcarvaja/sources/personal/frameworks-benchmarks/rest-benchmark/benchmarks/target/surefire/surefirebooter14523918909185037190.jar /home/jcarvaja/sources/personal/frameworks-benchmarks/rest-benchmark/benchmarks/target/surefire 2022-04-01T12-31-20_544-jvmRun1 surefire761052512969229023tmp surefire_014757369779007858263tmp"/>
    <property name="jdk.debug" value="release"/>
    <property name="surefire.test.class.path" value="/home/jcarvaja/sources/personal/frameworks-benchmarks/rest-benchmark/benchmarks/target/test-classes:/home/jcarvaja/sources/personal/frameworks-benchmarks/rest-benchmark/benchmarks/target/rest-benchmarks-0.0.0-SNAPSHOT.jar:/home/jcarvaja/.m2/repository/io/jcloud/jcloud-benchmark/0.0.0-SNAPSHOT/jcloud-benchmark-0.0.0-SNAPSHOT.jar:/home/jcarvaja/.m2/repository/io/jcloud/jcloud-core/0.0.0-SNAPSHOT/jcloud-core-0.0.0-SNAPSHOT.jar:/home/jcarvaja/.m2/repository/org/junit/jupiter/junit-jupiter/5.8.2/junit-jupiter-5.8.2.jar:/home/jcarvaja/.m2/repository/org/junit/jupiter/junit-jupiter-api/5.8.2/junit-jupiter-api-5.8.2.jar:/home/jcarvaja/.m2/repository/org/junit/jupiter/junit-jupiter-params/5.8.2/junit-jupiter-params-5.8.2.jar:/home/jcarvaja/.m2/repository/org/junit/jupiter/junit-jupiter-engine/5.8.2/junit-jupiter-engine-5.8.2.jar:/home/jcarvaja/.m2/repository/org/awaitility/awaitility/4.2.0/awaitility-4.2.0.jar:/home/jcarvaja/.m2/repository/org/hamcrest/hamcrest/2.2/hamcrest-2.2.jar:/home/jcarvaja/.m2/repository/io/rest-assured/rest-assured/4.5.1/rest-assured-4.5.1.jar:/home/jcarvaja/.m2/repository/org/codehaus/groovy/groovy/3.0.10/groovy-3.0.10.jar:/home/jcarvaja/.m2/repository/org/codehaus/groovy/groovy-xml/3.0.10/groovy-xml-3.0.10.jar:/home/jcarvaja/.m2/repository/org/apache/httpcomponents/httpclient/4.5.13/httpclient-4.5.13.jar:/home/jcarvaja/.m2/repository/org/apache/httpcomponents/httpcore/4.4.15/httpcore-4.4.15.jar:/home/jcarvaja/.m2/repository/commons-logging/commons-logging/1.2/commons-logging-1.2.jar:/home/jcarvaja/.m2/repository/commons-codec/commons-codec/1.15/commons-codec-1.15.jar:/home/jcarvaja/.m2/repository/org/apache/httpcomponents/httpmime/4.5.13/httpmime-4.5.13.jar:/home/jcarvaja/.m2/repository/org/ccil/cowan/tagsoup/tagsoup/1.2.1/tagsoup-1.2.1.jar:/home/jcarvaja/.m2/repository/io/rest-assured/json-path/4.5.1/json-path-4.5.1.jar:/home/jcarvaja/.m2/repository/org/codehaus/groovy/groovy-json/3.0.10/groovy-json-3.0.10.jar:/home/jcarvaja/.m2/repository/io/rest-assured/rest-assured-common/4.5.1/rest-assured-common-4.5.1.jar:/home/jcarvaja/.m2/repository/io/rest-assured/xml-path/4.5.1/xml-path-4.5.1.jar:/home/jcarvaja/.m2/repository/org/apache/commons/commons-lang3/3.12.0/commons-lang3-3.12.0.jar:/home/jcarvaja/.m2/repository/commons-io/commons-io/2.11.0/commons-io-2.11.0.jar:/home/jcarvaja/.m2/repository/javax/inject/javax.inject/1/javax.inject-1.jar:/home/jcarvaja/.m2/repository/javax/xml/bind/jaxb-api/2.4.0-b180830.0359/jaxb-api-2.4.0-b180830.0359.jar:/home/jcarvaja/.m2/repository/javax/activation/javax.activation-api/1.2.0/javax.activation-api-1.2.0.jar:/home/jcarvaja/.m2/repository/io/fabric8/kubernetes-client/5.12.1/kubernetes-client-5.12.1.jar:/home/jcarvaja/.m2/repository/io/fabric8/kubernetes-model-core/5.12.1/kubernetes-model-core-5.12.1.jar:/home/jcarvaja/.m2/repository/io/fabric8/kubernetes-model-common/5.12.1/kubernetes-model-common-5.12.1.jar:/home/jcarvaja/.m2/repository/com/fasterxml/jackson/core/jackson-annotations/2.13.2/jackson-annotations-2.13.2.jar:/home/jcarvaja/.m2/repository/io/fabric8/kubernetes-model-rbac/5.12.1/kubernetes-model-rbac-5.12.1.jar:/home/jcarvaja/.m2/repository/io/fabric8/kubernetes-model-admissionregistration/5.12.1/kubernetes-model-admissionregistration-5.12.1.jar:/home/jcarvaja/.m2/repository/io/fabric8/kubernetes-model-apps/5.12.1/kubernetes-model-apps-5.12.1.jar:/home/jcarvaja/.m2/repository/io/fabric8/kubernetes-model-autoscaling/5.12.1/kubernetes-model-autoscaling-5.12.1.jar:/home/jcarvaja/.m2/repository/io/fabric8/kubernetes-model-apiextensions/5.12.1/kubernetes-model-apiextensions-5.12.1.jar:/home/jcarvaja/.m2/repository/io/fabric8/kubernetes-model-batch/5.12.1/kubernetes-model-batch-5.12.1.jar:/home/jcarvaja/.m2/repository/io/fabric8/kubernetes-model-certificates/5.12.1/kubernetes-model-certificates-5.12.1.jar:/home/jcarvaja/.m2/repository/io/fabric8/kubernetes-model-coordination/5.12.1/kubernetes-model-coordination-5.12.1.jar:/home/jcarvaja/.m2/repository/io/fabric8/kubernetes-model-discovery/5.12.1/kubernetes-model-discovery-5.12.1.jar:/home/jcarvaja/.m2/repository/io/fabric8/kubernetes-model-events/5.12.1/kubernetes-model-events-5.12.1.jar:/home/jcarvaja/.m2/repository/io/fabric8/kubernetes-model-extensions/5.12.1/kubernetes-model-extensions-5.12.1.jar:/home/jcarvaja/.m2/repository/io/fabric8/kubernetes-model-flowcontrol/5.12.1/kubernetes-model-flowcontrol-5.12.1.jar:/home/jcarvaja/.m2/repository/io/fabric8/kubernetes-model-networking/5.12.1/kubernetes-model-networking-5.12.1.jar:/home/jcarvaja/.m2/repository/io/fabric8/kubernetes-model-metrics/5.12.1/kubernetes-model-metrics-5.12.1.jar:/home/jcarvaja/.m2/repository/io/fabric8/kubernetes-model-policy/5.12.1/kubernetes-model-policy-5.12.1.jar:/home/jcarvaja/.m2/repository/io/fabric8/kubernetes-model-scheduling/5.12.1/kubernetes-model-scheduling-5.12.1.jar:/home/jcarvaja/.m2/repository/io/fabric8/kubernetes-model-storageclass/5.12.1/kubernetes-model-storageclass-5.12.1.jar:/home/jcarvaja/.m2/repository/io/fabric8/kubernetes-model-node/5.12.1/kubernetes-model-node-5.12.1.jar:/home/jcarvaja/.m2/repository/com/squareup/okhttp3/okhttp/3.14.9/okhttp-3.14.9.jar:/home/jcarvaja/.m2/repository/com/squareup/okio/okio/1.17.2/okio-1.17.2.jar:/home/jcarvaja/.m2/repository/com/squareup/okhttp3/logging-interceptor/3.14.9/logging-interceptor-3.14.9.jar:/home/jcarvaja/.m2/repository/org/slf4j/slf4j-api/1.7.33/slf4j-api-1.7.33.jar:/home/jcarvaja/.m2/repository/com/fasterxml/jackson/dataformat/jackson-dataformat-yaml/2.13.1/jackson-dataformat-yaml-2.13.1.jar:/home/jcarvaja/.m2/repository/org/yaml/snakeyaml/1.30/snakeyaml-1.30.jar:/home/jcarvaja/.m2/repository/com/fasterxml/jackson/datatype/jackson-datatype-jsr310/2.13.1/jackson-datatype-jsr310-2.13.1.jar:/home/jcarvaja/.m2/repository/com/fasterxml/jackson/core/jackson-databind/2.13.1/jackson-databind-2.13.1.jar:/home/jcarvaja/.m2/repository/com/fasterxml/jackson/core/jackson-core/2.13.1/jackson-core-2.13.1.jar:/home/jcarvaja/.m2/repository/io/fabric8/zjsonpatch/0.3.0/zjsonpatch-0.3.0.jar:/home/jcarvaja/.m2/repository/com/github/mifmif/generex/1.0.2/generex-1.0.2.jar:/home/jcarvaja/.m2/repository/dk/brics/automaton/automaton/1.11-8/automaton-1.11-8.jar:/home/jcarvaja/.m2/repository/org/openjdk/jmh/jmh-core/1.35/jmh-core-1.35.jar:/home/jcarvaja/.m2/repository/net/sf/jopt-simple/jopt-simple/5.0.4/jopt-simple-5.0.4.jar:/home/jcarvaja/.m2/repository/org/apache/commons/commons-math3/3.2/commons-math3-3.2.jar:/home/jcarvaja/.m2/repository/org/openjdk/jmh/jmh-generator-annprocess/1.35/jmh-generator-annprocess-1.35.jar:/home/jcarvaja/.m2/repository/org/junit/platform/junit-platform-launcher/1.8.2/junit-platform-launcher-1.8.2.jar:/home/jcarvaja/.m2/repository/org/junit/platform/junit-platform-engine/1.8.2/junit-platform-engine-1.8.2.jar:/home/jcarvaja/.m2/repository/org/opentest4j/opentest4j/1.2.0/opentest4j-1.2.0.jar:/home/jcarvaja/.m2/repository/org/junit/platform/junit-platform-commons/1.8.2/junit-platform-commons-1.8.2.jar:/home/jcarvaja/.m2/repository/org/apiguardian/apiguardian-api/1.1.2/apiguardian-api-1.1.2.jar:/home/jcarvaja/.m2/repository/io/jcloud/jcloud-quarkus/0.0.0-SNAPSHOT/jcloud-quarkus-0.0.0-SNAPSHOT.jar:/home/jcarvaja/.m2/repository/org/jboss/shrinkwrap/shrinkwrap-api/1.2.6/shrinkwrap-api-1.2.6.jar:/home/jcarvaja/.m2/repository/org/jboss/shrinkwrap/shrinkwrap-spi/1.2.6/shrinkwrap-spi-1.2.6.jar:/home/jcarvaja/.m2/repository/org/jboss/shrinkwrap/shrinkwrap-impl-base/1.2.6/shrinkwrap-impl-base-1.2.6.jar:/home/jcarvaja/.m2/repository/io/jcloud/jcloud-spring/0.0.0-SNAPSHOT/jcloud-spring-0.0.0-SNAPSHOT.jar:"/>
    <property name="sun.cpu.endian" value="little"/>
    <property name="user.home" value="/home/jcarvaja"/>
    <property name="user.language" value="es"/>
    <property name="java.specification.vendor" value="Oracle Corporation"/>
    <property name="java.version.date" value="2022-02-08"/>
    <property name="java.home" value="/usr/lib/jvm/java-11-openjdk-11.0.14.1.1-5.fc35.x86_64"/>
    <property name="file.separator" value="/"/>
    <property name="basedir" value="/home/jcarvaja/sources/personal/frameworks-benchmarks/rest-benchmark/benchmarks"/>
    <property name="java.vm.compressedOopsMode" value="Zero based"/>
    <property name="line.separator" value="&#10;"/>
    <property name="java.specification.name" value="Java Platform API Specification"/>
    <property name="java.vm.specification.vendor" value="Oracle Corporation"/>
    <property name="java.awt.graphicsenv" value="sun.awt.X11GraphicsEnvironment"/>
    <property name="surefire.real.class.path" value="/home/jcarvaja/sources/personal/frameworks-benchmarks/rest-benchmark/benchmarks/target/surefire/surefirebooter14523918909185037190.jar"/>
    <property name="sun.management.compiler" value="HotSpot 64-Bit Tiered Compilers"/>
    <property name="java.runtime.version" value="11.0.14.1+1"/>
    <property name="user.name" value="jcarvaja"/>
    <property name="path.separator" value=":"/>
    <property name="os.version" value="5.16.12-200.fc35.x86_64"/>
    <property name="java.runtime.name" value="OpenJDK Runtime Environment"/>
    <property name="file.encoding" value="UTF-8"/>
    <property name="java.vm.name" value="OpenJDK 64-Bit Server VM"/>
    <property name="java.vendor.version" value="18.9"/>
    <property name="localRepository" value="/home/jcarvaja/.m2/repository"/>
    <property name="java.vendor.url.bug" value="https://bugzilla.redhat.com/enter_bug.cgi?product=Fedora&amp;component=java-11-openjdk&amp;version=35"/>
    <property name="java.io.tmpdir" value="/tmp"/>
    <property name="java.version" value="11.0.14.1"/>
    <property name="user.dir" value="/home/jcarvaja/sources/personal/frameworks-benchmarks/rest-benchmark/benchmarks"/>
    <property name="os.arch" value="amd64"/>
    <property name="java.vm.specification.name" value="Java Virtual Machine Specification"/>
    <property name="java.awt.printerjob" value="sun.print.PSPrinterJob"/>
    <property name="sun.os.patch.level" value="unknown"/>
    <property name="java.library.path" value="/usr/java/packages/lib:/usr/lib64:/lib64:/lib:/usr/lib"/>
    <property name="java.vm.info" value="mixed mode, sharing"/>
    <property name="java.vendor" value="Red Hat, Inc."/>
    <property name="java.vm.version" value="11.0.14.1+1"/>
    <property name="sun.io.unicode.encoding" value="UnicodeLittle"/>
    <property name="java.class.version" value="55.0"/>
  </properties>
  <testcase name="benchmarkRunner" classname="io.sgitario.benchmarks.rest.ThroughputBenchmarks" time="149.141"/>
</testsuite>